--------------- Build Started: 10/16/2016 19:32:10 Project: BLE Lab 3 Number, Configuration: ARM GCC 4.8.4 Debug ---------------
cydsfit.exe -.appdatapath "C:\Users\Michael\AppData\Local\Cypress Semiconductor\PSoC Creator\3.1" -.fdsnotice -.fdswarpdepfile=warp_dependencies.txt -.fdselabdepfile=elab_dependencies.txt -.fdsbldfile=generated_files.txt -p "C:\Users\Michael\Desktop\Removable Disk\BLE Lab 3\BLE Lab 3 Number.cydsn\BLE Lab 3 Number.cyprj" -d CY8C4247LQI-BL483 -s "C:\Users\Michael\Desktop\Removable Disk\BLE Lab 3\BLE Lab 3 Number.cydsn\Generated_Source\PSoC4" -- -yv2 -q10 -ygs -o2 -v3 -.fftcfgtype=LE
Elaborating Design...
HDL Generation ...
Synthesis ...
Place and Route ...
Tech mapping ...
Analog Placement ...
Analog Routing ...
Analog Code Generation ...
Digital Placement ...
Digital Routing ...
Bitstream Generation ...
Static timing analysis ...
API Generation ...
Dependency Generation ...
Clean Temporary Files ...
arm-none-eabi-gcc.exe -mcpu=cortex-m0 -mthumb -Wno-main -I. -I.\Generated_Source\PSoC4 -Wa,-alh=.\CortexM0\ARM_GCC_484\Debug/main.lst -g -D DEBUG -Wall -ffunction-sections -O0 -c .\main.c -o .\CortexM0\ARM_GCC_484\Debug\main.o
arm-none-eabi-gcc.exe -mcpu=cortex-m0 -mthumb -Wno-main -I. -I.\Generated_Source\PSoC4 -Wa,-alh=.\CortexM0\ARM_GCC_484\Debug/HeartRateProcessing.lst -g -D DEBUG -Wall -ffunction-sections -O0 -c .\HeartRateProcessing.c -o .\CortexM0\ARM_GCC_484\Debug\HeartRateProcessing.o
arm-none-eabi-gcc.exe -mcpu=cortex-m0 -mthumb -Wno-main -I. -I.\Generated_Source\PSoC4 -Wa,-alh=.\CortexM0\ARM_GCC_484\Debug/BleProcessing.lst -g -D DEBUG -Wall -ffunction-sections -O0 -c .\BleProcessing.c -o .\CortexM0\ARM_GCC_484\Debug\BleProcessing.o
arm-none-eabi-gcc.exe -mcpu=cortex-m0 -mthumb -Wno-main -I. -I.\Generated_Source\PSoC4 -Wa,-alh=.\CortexM0\ARM_GCC_484\Debug/WatchdogTimer.lst -g -D DEBUG -Wall -ffunction-sections -O0 -c .\WatchdogTimer.c -o .\CortexM0\ARM_GCC_484\Debug\WatchdogTimer.o
arm-none-eabi-gcc.exe -mcpu=cortex-m0 -mthumb -Wno-main -I. -I.\Generated_Source\PSoC4 -Wa,-alh=.\CortexM0\ARM_GCC_484\Debug/PWM.lst -g -D DEBUG -Wall -ffunction-sections -O0 -c .\Generated_Source\PSoC4\PWM.c -o .\CortexM0\ARM_GCC_484\Debug\PWM.o
arm-none-eabi-gcc.exe -mcpu=cortex-m0 -mthumb -Wno-main -I. -I.\Generated_Source\PSoC4 -Wa,-alh=.\CortexM0\ARM_GCC_484\Debug/PWM_PM.lst -g -D DEBUG -Wall -ffunction-sections -O0 -c .\Generated_Source\PSoC4\PWM_PM.c -o .\CortexM0\ARM_GCC_484\Debug\PWM_PM.o
arm-none-eabi-ar.exe -rs ".\CortexM0\ARM_GCC_484\Debug\BLE Lab 3 Number.a" .\CortexM0\ARM_GCC_484\Debug\cyfitter_cfg.o .\CortexM0\ARM_GCC_484\Debug\Heart_Rate_input.o .\CortexM0\ARM_GCC_484\Debug\SW2_Switch.o .\CortexM0\ARM_GCC_484\Debug\Button_output.o .\CortexM0\ARM_GCC_484\Debug\Wakeup_ISR.o .\CortexM0\ARM_GCC_484\Debug\Led_Advertising_Green.o .\CortexM0\ARM_GCC_484\Debug\Led_Connected_Blue.o .\CortexM0\ARM_GCC_484\Debug\BLE_1_hrs.o .\CortexM0\ARM_GCC_484\Debug\BLE_1.o .\CortexM0\ARM_GCC_484\Debug\BLE_1_gatt.o .\CortexM0\ARM_GCC_484\Debug\BLE_1_eventHandler.o .\CortexM0\ARM_GCC_484\Debug\BLE_1_HAL_INT.o .\CortexM0\ARM_GCC_484\Debug\BLE_1_HAL_PVT.o .\CortexM0\ARM_GCC_484\Debug\BLE_1_dis.o .\CortexM0\ARM_GCC_484\Debug\Opamp.o .\CortexM0\ARM_GCC_484\Debug\Opamp_PM.o .\CortexM0\ARM_GCC_484\Debug\ADC.o .\CortexM0\ARM_GCC_484\Debug\ADC_PM.o .\CortexM0\ARM_GCC_484\Debug\ADC_INT.o .\CortexM0\ARM_GCC_484\Debug\BLE_1_bless_isr.o .\CortexM0\ARM_GCC_484\Debug\ADC_IRQ.o .\CortexM0\ARM_GCC_484\Debug\ADC_intClock.o .\CortexM0\ARM_GCC_484\Debug\CyBootAsmGnu.o .\CortexM0\ARM_GCC_484\Debug\CyFlash.o .\CortexM0\ARM_GCC_484\Debug\CyLib.o .\CortexM0\ARM_GCC_484\Debug\cyPm.o .\CortexM0\ARM_GCC_484\Debug\cyutils.o .\CortexM0\ARM_GCC_484\Debug\PWM.o .\CortexM0\ARM_GCC_484\Debug\PWM_PM.o .\CortexM0\ARM_GCC_484\Debug\Clock_1.o .\CortexM0\ARM_GCC_484\Debug\PWM_Output.o
arm-none-eabi-ar.exe: creating .\CortexM0\ARM_GCC_484\Debug\BLE Lab 3 Number.a
arm-none-eabi-gcc.exe -Wl,--start-group -o ".\CortexM0\ARM_GCC_484\Debug\BLE Lab 3 Number.elf" .\CortexM0\ARM_GCC_484\Debug\main.o .\CortexM0\ARM_GCC_484\Debug\HeartRateProcessing.o .\CortexM0\ARM_GCC_484\Debug\BleProcessing.o .\CortexM0\ARM_GCC_484\Debug\WatchdogTimer.o .\CortexM0\ARM_GCC_484\Debug\cymetadata.o .\CortexM0\ARM_GCC_484\Debug\Cm0Start.o ".\CortexM0\ARM_GCC_484\Debug\BLE Lab 3 Number.a" "C:\Program Files (x86)\Cypress\PSoC Creator\3.1\PSoC Creator\psoc\content\cycomponentlibrary\CyComponentLibrary.cylib\BLE_v1_20\Library\gccCyBLEStack_BLE_SOC_PERIPHERAL.a" "C:\Program Files (x86)\Cypress\PSoC Creator\3.1\PSoC Creator\psoc\content\cycomponentlibrary\CyComponentLibrary.cylib\CortexM0\ARM_GCC_484\Debug\CyComponentLibrary.a" -mthumb -march=armv6-m "-Wl,-Map,.\CortexM0\ARM_GCC_484\Debug/BLE Lab 3 Number.map" -T .\Generated_Source\PSoC4\cm0gcc.ld -g -specs=nano.specs "-u _printf_float" "" -Wl,--gc-sections -Wl,--end-group
cyelftool.exe -C "C:\Users\Michael\Desktop\Removable Disk\BLE Lab 3\BLE Lab 3 Number.cydsn\CortexM0\ARM_GCC_484\Debug\BLE Lab 3 Number.elf" --flash_size 131072 --flash_row_size 128
cyelftool.exe -S "C:\Users\Michael\Desktop\Removable Disk\BLE Lab 3\BLE Lab 3 Number.cydsn\CortexM0\ARM_GCC_484\Debug\BLE Lab 3 Number.elf"
Flash used: 77097 of 131072 bytes (58.8 %).
SRAM used: 10676 of 16384 bytes (65.2 %). Stack: 1024 bytes. Heap: 128 bytes.
--------------- Build Succeeded: 10/16/2016 19:34:56 ---------------
